2026-06-21 18:56:42.648 +07 [17904] LOG:  starting PostgreSQL 18.4 on x86_64-windows, compiled by msvc-19.44.35227, 64-bit
2026-06-21 18:56:42.652 +07 [17904] LOG:  listening on IPv6 address "::1", port 5435
2026-06-21 18:56:42.653 +07 [17904] LOG:  listening on IPv4 address "127.0.0.1", port 5435
2026-06-21 18:56:42.825 +07 [23048] LOG:  database system was shut down at 2026-06-21 18:56:40 +07
2026-06-21 18:56:42.832 +07 [17904] LOG:  database system is ready to accept connections
2026-06-21 19:01:42.717 +07 [15348] LOG:  checkpoint starting: time
2026-06-21 19:01:52.857 +07 [15348] ERROR:  could not open file "base/16384/1249_fsm": No such file or directory
2026-06-21 19:01:52.857 +07 [15348] CONTEXT:  writing block 0 of relation "base/16384/1249_fsm"
2026-06-21 19:01:53.880 +07 [15348] LOG:  checkpoint starting: time
2026-06-21 19:01:53.881 +07 [15348] ERROR:  could not open directory "pg_logical/snapshots": No such file or directory
2026-06-21 19:01:54.880 +07 [15348] LOG:  checkpoint starting: time
2026-06-21 19:01:54.881 +07 [15348] ERROR:  could not open directory "pg_logical/snapshots": No such file or directory
2026-06-21 19:01:55.893 +07 [15348] LOG:  checkpoint starting: time
2026-06-21 19:01:55.893 +07 [15348] ERROR:  could not open directory "pg_logical/snapshots": No such file or directory
2026-06-21 19:01:56.900 +07 [15348] LOG:  checkpoint starting: time
2026-06-21 19:01:56.901 +07 [15348] ERROR:  could not open directory "pg_logical/snapshots": No such file or directory
2026-06-21 19:01:57.911 +07 [15348] LOG:  checkpoint starting: time
2026-06-21 19:01:57.911 +07 [15348] ERROR:  could not open directory "pg_logical/snapshots": No such file or directory
2026-06-21 19:01:58.917 +07 [15348] LOG:  checkpoint starting: time
2026-06-21 19:01:58.917 +07 [15348] ERROR:  could not open directory "pg_logical/snapshots": No such file or directory
2026-06-21 19:01:59.930 +07 [15348] LOG:  checkpoint starting: time
2026-06-21 19:01:59.930 +07 [15348] ERROR:  could not open directory "pg_logical/snapshots": No such file or directory
2026-06-21 19:02:00.944 +07 [15348] LOG:  checkpoint starting: time
2026-06-21 19:02:00.944 +07 [15348] ERROR:  could not open directory "pg_logical/snapshots": No such file or directory
2026-06-21 19:02:01.952 +07 [15348] LOG:  checkpoint starting: time
2026-06-21 19:02:01.952 +07 [15348] ERROR:  could not open directory "pg_logical/snapshots": No such file or directory
2026-06-21 12:02:02.921 GMT [24344] FATAL:  "C:/Sipetuk-Portable/data" is not a valid data directory
2026-06-21 12:02:02.921 GMT [24344] DETAIL:  File "C:/Sipetuk-Portable/data/PG_VERSION" is missing.
2026-06-21 19:02:02.962 +07 [15348] LOG:  checkpoint starting: time
2026-06-21 19:02:02.962 +07 [15348] ERROR:  could not open directory "pg_logical/snapshots": No such file or directory
2026-06-21 19:02:03.970 +07 [15348] LOG:  checkpoint starting: time
2026-06-21 19:02:03.970 +07 [15348] ERROR:  could not open directory "pg_logical/snapshots": No such file or directory
2026-06-21 19:02:04.974 +07 [15348] LOG:  checkpoint starting: time
2026-06-21 19:02:04.974 +07 [15348] ERROR:  could not open directory "pg_logical/snapshots": No such file or directory
2026-06-21 19:02:05.983 +07 [15348] LOG:  checkpoint starting: time
2026-06-21 19:02:05.983 +07 [15348] ERROR:  could not open directory "pg_logical/snapshots": No such file or directory
2026-06-21 19:02:06.994 +07 [15348] LOG:  checkpoint starting: time
2026-06-21 19:02:06.994 +07 [15348] ERROR:  could not open directory "pg_logical/snapshots": No such file or directory
2026-06-21 19:02:08.004 +07 [15348] LOG:  checkpoint starting: time
2026-06-21 19:02:08.004 +07 [15348] ERROR:  could not open directory "pg_logical/snapshots": No such file or directory
2026-06-21 19:02:09.018 +07 [15348] LOG:  checkpoint starting: time
2026-06-21 19:02:09.018 +07 [15348] ERROR:  could not open directory "pg_logical/snapshots": No such file or directory
2026-06-21 19:02:10.027 +07 [15348] LOG:  checkpoint starting: time
2026-06-21 19:02:10.027 +07 [15348] ERROR:  could not open directory "pg_logical/snapshots": No such file or directory
2026-06-21 19:02:11.038 +07 [15348] LOG:  checkpoint starting: time
2026-06-21 19:02:11.039 +07 [15348] ERROR:  could not open directory "pg_logical/snapshots": No such file or directory
2026-06-21 19:02:11.968 +07 [17904] LOG:  background worker "logical replication launcher" (PID 21084) was terminated by exception 0xC000013A
2026-06-21 19:02:11.968 +07 [17904] HINT:  See C include file "ntstatus.h" for a description of the hexadecimal value.
2026-06-21 19:02:11.968 +07 [17904] LOG:  terminating any other active server processes
2026-06-21 19:02:11.972 +07 [17904] LOG:  received fast shutdown request
^C2026-06-21 19:03:01.705 +07 [20184] LOG:  starting PostgreSQL 18.4 on x86_64-windows, compiled by msvc-19.44.35227, 64-bit
2026-06-21 19:03:01.709 +07 [20184] LOG:  listening on IPv6 address "::1", port 5435
2026-06-21 19:03:01.709 +07 [20184] LOG:  listening on IPv4 address "127.0.0.1", port 5435
2026-06-21 19:03:01.765 +07 [24420] LOG:  database system was shut down at 2026-06-21 19:02:59 +07
2026-06-21 19:03:01.772 +07 [20184] LOG:  database system is ready to accept connections
2026-06-21 19:08:01.767 +07 [20052] LOG:  checkpoint starting: time
2026-06-21 19:09:28.330 +07 [17344] ERROR:  canceling statement due to user request
2026-06-21 19:09:28.330 +07 [20184] LOG:  received fast shutdown request
2026-06-21 19:09:28.340 +07 [20184] LOG:  aborting any active transactions
2026-06-21 19:09:28.345 +07 [20184] LOG:  background worker "logical replication launcher" (PID 17344) exited with exit code 1
2026-06-21 19:09:28.580 +07 [20052] LOG:  checkpoint complete: wrote 1103 buffers (6.7%), wrote 3 SLRU buffers; 1 WAL file(s) added, 0 removed, 0 recycled; write=86.609 s, sync=0.152 s, total=86.814 s; sync files=415, longest=0.001 s, average=0.001 s; distance=5708 kB, estimate=5708 kB; lsn=0/1D84600, redo lsn=0/1D84570
2026-06-21 19:09:28.594 +07 [20052] LOG:  shutting down
2026-06-21 19:09:28.597 +07 [20052] LOG:  checkpoint starting: shutdown immediate
2026-06-21 19:09:28.621 +07 [20052] LOG:  checkpoint complete: wrote 0 buffers (0.0%), wrote 0 SLRU buffers; 0 WAL file(s) added, 0 removed, 0 recycled; write=0.001 s, sync=0.001 s, total=0.027 s; sync files=0, longest=0.000 s, average=0.000 s; distance=0 kB, estimate=5137 kB; lsn=0/1D84678, redo lsn=0/1D84678
2026-06-21 19:09:28.671 +07 [20184] LOG:  database system is shut down
2026-06-21 19:10:30.350 +07 [23568] LOG:  starting PostgreSQL 18.4 on x86_64-windows, compiled by msvc-19.44.35227, 64-bit
2026-06-21 19:10:30.355 +07 [23568] LOG:  listening on IPv6 address "::1", port 5435
2026-06-21 19:10:30.355 +07 [23568] LOG:  listening on IPv4 address "127.0.0.1", port 5435
2026-06-21 19:10:30.411 +07 [21196] LOG:  database system was shut down at 2026-06-21 19:09:28 +07
2026-06-21 19:10:30.420 +07 [23568] LOG:  database system is ready to accept connections
2026-06-21 19:15:30.413 +07 [16292] ERROR:  canceling statement due to user request
2026-06-21 19:15:30.414 +07 [17880] LOG:  shutting down
2026-06-21 19:15:30.414 +07 [23568] LOG:  received fast shutdown request
2026-06-21 19:15:30.423 +07 [17880] LOG:  checkpoint starting: shutdown immediate
2026-06-21 19:15:30.424 +07 [23568] LOG:  aborting any active transactions
2026-06-21 19:15:30.435 +07 [17880] LOG:  checkpoint complete: wrote 0 buffers (0.0%), wrote 3 SLRU buffers; 0 WAL file(s) added, 0 removed, 0 recycled; write=0.003 s, sync=0.002 s, total=0.021 s; sync files=2, longest=0.001 s, average=0.001 s; distance=0 kB, estimate=0 kB; lsn=0/1D84728, redo lsn=0/1D84728
2026-06-21 19:15:30.436 +07 [23568] LOG:  background worker "logical replication launcher" (PID 16292) exited with exit code 1
2026-06-21 19:15:30.475 +07 [23568] LOG:  database system is shut down
2026-06-21 19:22:06.228 +07 [22984] LOG:  starting PostgreSQL 18.4 on x86_64-windows, compiled by msvc-19.44.35227, 64-bit
2026-06-21 19:22:06.233 +07 [22984] LOG:  listening on IPv6 address "::1", port 5435
2026-06-21 19:22:06.233 +07 [22984] LOG:  listening on IPv4 address "127.0.0.1", port 5435
2026-06-21 19:22:06.391 +07 [22780] LOG:  database system was shut down at 2026-06-21 19:15:30 +07
2026-06-21 19:22:06.400 +07 [22984] LOG:  database system is ready to accept connections
2026-06-21 19:22:19.356 +07 [2000] FATAL:  role "ASUS" does not exist
2026-06-21 19:27:06.296 +07 [21584] LOG:  checkpoint starting: time
2026-06-21 19:27:06.316 +07 [21584] LOG:  checkpoint complete: wrote 0 buffers (0.0%), wrote 3 SLRU buffers; 0 WAL file(s) added, 0 removed, 0 recycled; write=0.003 s, sync=0.002 s, total=0.021 s; sync files=2, longest=0.001 s, average=0.001 s; distance=0 kB, estimate=0 kB; lsn=0/1D84830, redo lsn=0/1D847D8
2026-06-21 19:29:33.982 +07 [22640] ERROR:  canceling statement due to user request
2026-06-21 19:29:33.982 +07 [21584] LOG:  shutting down
2026-06-21 19:29:33.983 +07 [22984] LOG:  received fast shutdown request
2026-06-21 19:29:33.992 +07 [21584] LOG:  checkpoint starting: shutdown immediate
2026-06-21 19:29:33.992 +07 [22984] LOG:  aborting any active transactions
2026-06-21 19:29:33.993 +07 [22984] LOG:  background worker "logical replication launcher" (PID 22640) exited with exit code 1
2026-06-21 19:29:34.002 +07 [21584] LOG:  checkpoint complete: wrote 0 buffers (0.0%), wrote 0 SLRU buffers; 0 WAL file(s) added, 0 removed, 0 recycled; write=0.001 s, sync=0.001 s, total=0.020 s; sync files=0, longest=0.000 s, average=0.000 s; distance=0 kB, estimate=0 kB; lsn=0/1D848E0, redo lsn=0/1D848E0
2026-06-21 19:29:34.039 +07 [22984] LOG:  database system is shut down
2026-06-21 19:29:46.064 +07 [4928] LOG:  starting PostgreSQL 18.4 on x86_64-windows, compiled by msvc-19.44.35227, 64-bit
2026-06-21 19:29:46.069 +07 [4928] LOG:  listening on IPv6 address "::1", port 5435
2026-06-21 19:29:46.069 +07 [4928] LOG:  listening on IPv4 address "127.0.0.1", port 5435
2026-06-21 19:29:46.128 +07 [25168] LOG:  database system was shut down at 2026-06-21 19:29:33 +07
2026-06-21 19:29:46.136 +07 [4928] LOG:  database system is ready to accept connections
2026-06-22 08:03:13.172 +07 [21116] LOG:  checkpoint starting: time
2026-06-22 08:03:13.196 +07 [21116] LOG:  checkpoint complete: wrote 0 buffers (0.0%), wrote 3 SLRU buffers; 0 WAL file(s) added, 0 removed, 0 recycled; write=0.007 s, sync=0.005 s, total=0.025 s; sync files=2, longest=0.003 s, average=0.003 s; distance=0 kB, estimate=0 kB; lsn=0/1D849E8, redo lsn=0/1D84990
2026-06-22 08:03:20.668 +07 [4928] LOG:  background worker "logical replication launcher" (PID 25556) was terminated by exception 0xC000013A
2026-06-22 08:03:20.668 +07 [4928] HINT:  See C include file "ntstatus.h" for a description of the hexadecimal value.
2026-06-22 08:03:20.668 +07 [4928] LOG:  terminating any other active server processes
2026-06-22 08:03:20.677 +07 [4928] LOG:  received fast shutdown request
^C